2023-04-28 08:28:26.741  INFO 2136 --- [main] c.h.c.employee.Application               : Starting Application using Java 17.0.3 on LAPTOP-N3CV051C with PID 2136 (C:\HDFC Git files\HDFC_SpringBoot\CapStone project Workspace\com.hdfc.capstoneproject.employeeinformation\bin\main started by adars in C:\HDFC Git files\HDFC_SpringBoot\CapStone project Workspace\com.hdfc.capstoneproject.employeeinformation)
2023-04-28 08:28:26.749  INFO 2136 --- [main] c.h.c.employee.Application               : No active profile set, falling back to 1 default profile: "default"
2023-04-28 08:28:27.579  INFO 2136 --- [main] .s.d.r.c.RepositoryConfigurationDelegate : Bootstrapping Spring Data JPA repositories in DEFAULT mode.
2023-04-28 08:28:27.638  INFO 2136 --- [main] .s.d.r.c.RepositoryConfigurationDelegate : Finished Spring Data repository scanning in 45 ms. Found 1 JPA repository interfaces.
2023-04-28 08:28:29.313  INFO 2136 --- [main] o.s.b.w.embedded.tomcat.TomcatWebServer  : Tomcat initialized with port(s): 8585 (https)
2023-04-28 08:28:29.326  INFO 2136 --- [main] o.apache.catalina.core.StandardService   : Starting service [Tomcat]
2023-04-28 08:28:29.326  INFO 2136 --- [main] org.apache.catalina.core.StandardEngine  : Starting Servlet engine: [Apache Tomcat/9.0.74]
2023-04-28 08:28:29.453  INFO 2136 --- [main] o.a.c.c.C.[Tomcat].[localhost].[/]       : Initializing Spring embedded WebApplicationContext
2023-04-28 08:28:29.454  INFO 2136 --- [main] w.s.c.ServletWebServerApplicationContext : Root WebApplicationContext: initialization completed in 2647 ms
2023-04-28 08:28:29.614  INFO 2136 --- [main] o.hibernate.jpa.internal.util.LogHelper  : HHH000204: Processing PersistenceUnitInfo [name: default]
2023-04-28 08:28:29.678  INFO 2136 --- [main] org.hibernate.Version                    : HHH000412: Hibernate ORM core version 5.6.15.Final
2023-04-28 08:28:29.854  INFO 2136 --- [main] o.hibernate.annotations.common.Version   : HCANN000001: Hibernate Commons Annotations {5.1.2.Final}
2023-04-28 08:28:30.004  INFO 2136 --- [main] com.zaxxer.hikari.HikariDataSource       : HikariPool-1 - Starting...
2023-04-28 08:28:31.280  INFO 2136 --- [main] com.zaxxer.hikari.HikariDataSource       : HikariPool-1 - Start completed.
2023-04-28 08:28:31.312  INFO 2136 --- [main] org.hibernate.dialect.Dialect            : HHH000400: Using dialect: org.hibernate.dialect.MySQL8Dialect
2023-04-28 08:28:31.964  INFO 2136 --- [main] o.h.e.t.j.p.i.JtaPlatformInitiator       : HHH000490: Using JtaPlatform implementation: [org.hibernate.engine.transaction.jta.platform.internal.NoJtaPlatform]
2023-04-28 08:28:31.977  INFO 2136 --- [main] j.LocalContainerEntityManagerFactoryBean : Initialized JPA EntityManagerFactory for persistence unit 'default'
2023-04-28 08:28:32.267  WARN 2136 --- [main] JpaBaseConfiguration$JpaWebConfiguration : spring.jpa.open-in-view is enabled by default. Therefore, database queries may be performed during view rendering. Explicitly configure spring.jpa.open-in-view to disable this warning
2023-04-28 08:28:33.587  INFO 2136 --- [main] o.a.t.util.net.NioEndpoint.certificate   : Connector [https-jsse-nio-8585], TLS virtual host [_default_], certificate type [UNDEFINED] configured from [file:/C:/HDFC%20Git%20files/HDFC_SpringBoot/CapStone%20project%20Workspace/com.hdfc.capstoneproject.employeeinformation/bin/main/capstonepro.jks] using alias [tomcat] and with trust store [null]
2023-04-28 08:28:33.612  INFO 2136 --- [main] o.s.b.w.embedded.tomcat.TomcatWebServer  : Tomcat started on port(s): 8585 (https) with context path ''
2023-04-28 08:28:33.622  INFO 2136 --- [main] c.h.c.employee.Application               : Started Application in 7.362 seconds (JVM running for 8.867)
2023-04-28 08:28:44.934  INFO 2136 --- [RMI TCP Connection(7)-127.0.0.1] inMXBeanRegistrar$SpringApplicationAdmin : Application shutdown requested.
2023-04-28 08:28:44.948  INFO 2136 --- [RMI TCP Connection(7)-127.0.0.1] o.apache.catalina.core.StandardService   : Stopping service [Tomcat]
2023-04-28 08:28:44.956  INFO 2136 --- [RMI TCP Connection(7)-127.0.0.1] j.LocalContainerEntityManagerFactoryBean : Closing JPA EntityManagerFactory for persistence unit 'default'
2023-04-28 08:28:44.959  INFO 2136 --- [RMI TCP Connection(7)-127.0.0.1] com.zaxxer.hikari.HikariDataSource       : HikariPool-1 - Shutdown initiated...
2023-04-28 08:28:44.970  INFO 2136 --- [RMI TCP Connection(7)-127.0.0.1] com.zaxxer.hikari.HikariDataSource       : HikariPool-1 - Shutdown completed.
